25.01.2016 03:42:18 [0] INFO root TICK BEGINS: 1
25.01.2016 03:42:21 [0] INFO root TICK ENDS: 1
25.01.2016 03:42:22 [0] INFO root TICK BEGINS: 2
25.01.2016 03:42:25 [0] INFO root TICK ENDS: 2
25.01.2016 03:42:25 [0] INFO root TICK BEGINS: 3
25.01.2016 03:42:29 [0] INFO root TICK ENDS: 3
25.01.2016 03:42:29 [0] INFO root TICK BEGINS: 4
25.01.2016 03:42:32 [0] INFO root TICK ENDS: 4
25.01.2016 03:42:32 [0] INFO root TICK BEGINS: 5
25.01.2016 03:42:36 [0] INFO root TICK ENDS: 5
25.01.2016 03:42:36 [0] INFO root TICK BEGINS: 6
25.01.2016 03:42:40 [0] INFO root TICK ENDS: 6
25.01.2016 03:42:40 [0] INFO root TICK BEGINS: 7
25.01.2016 03:42:43 [0] INFO root TICK ENDS: 7
25.01.2016 03:42:43 [0] INFO root TICK BEGINS: 8
25.01.2016 03:42:47 [0] INFO root TICK ENDS: 8
25.01.2016 03:42:47 [0] INFO root TICK BEGINS: 9
25.01.2016 03:42:50 [0] INFO root TICK ENDS: 9
25.01.2016 03:42:51 [0] INFO root TICK BEGINS: 10
25.01.2016 03:42:54 [0] INFO root TICK ENDS: 10
25.01.2016 03:42:54 [0] INFO root TICK BEGINS: 11
25.01.2016 03:42:57 [0] INFO root TICK ENDS: 11
25.01.2016 03:42:58 [0] INFO root TICK BEGINS: 12
25.01.2016 03:43:01 [0] INFO root TICK ENDS: 12
25.01.2016 03:43:01 [0] INFO root TICK BEGINS: 13
25.01.2016 03:43:04 [0] INFO root TICK ENDS: 13
25.01.2016 03:43:05 [0] INFO root TICK BEGINS: 14
25.01.2016 03:43:08 [0] INFO root TICK ENDS: 14
25.01.2016 03:43:08 [0] INFO root TICK BEGINS: 15
25.01.2016 03:43:11 [0] INFO root TICK ENDS: 15
25.01.2016 03:43:12 [0] INFO root TICK BEGINS: 16
25.01.2016 03:43:15 [0] INFO root TICK ENDS: 16
25.01.2016 03:43:15 [0] INFO root TICK BEGINS: 17
25.01.2016 03:43:18 [0] INFO root TICK ENDS: 17
25.01.2016 03:43:19 [0] INFO root TICK BEGINS: 18
25.01.2016 03:43:22 [0] INFO root TICK ENDS: 18
25.01.2016 03:43:22 [0] INFO root TICK BEGINS: 19
25.01.2016 03:43:26 [0] INFO root TICK ENDS: 19
25.01.2016 03:43:26 [0] INFO root TICK BEGINS: 20
25.01.2016 03:43:29 [0] INFO root TICK ENDS: 20
25.01.2016 03:43:30 [0] INFO root date_time.run = 25.01.2016 03:42:15
25.01.2016 03:43:30 [0] INFO root distribution.zombie_move = int_uniform, 0, 2
25.01.2016 03:43:30 [0] INFO root grid.buffer = 2
25.01.2016 03:43:30 [0] INFO root human.count = 5000;
25.01.2016 03:43:30 [0] INFO root human.dataname = human_population
25.01.2016 03:43:30 [0] INFO root human.input.file = human.h5
25.01.2016 03:43:30 [0] INFO root human.output.file = human_out.h5
25.01.2016 03:43:30 [0] INFO root init.time = 1.48
25.01.2016 03:43:30 [0] INFO root max.x = 99
25.01.2016 03:43:30 [0] INFO root max.y = 99
25.01.2016 03:43:30 [0] INFO root min.x = 0
25.01.2016 03:43:30 [0] INFO root min.y = 0
25.01.2016 03:43:30 [0] INFO root output.interval = 2
25.01.2016 03:43:30 [0] INFO root proc.per.x = 2 #process in x axis
25.01.2016 03:43:30 [0] INFO root proc.per.y = 2 #process in y axis
25.01.2016 03:43:30 [0] INFO root process.count = 4
25.01.2016 03:43:30 [0] INFO root random.seed = 1453689736
25.01.2016 03:43:30 [0] INFO root run.time = 74.23
25.01.2016 03:43:30 [0] INFO root stop.at = 20
25.01.2016 03:43:30 [0] INFO root zombie.count = 1000;
25.01.2016 03:43:30 [0] INFO root zombie.dataname = zombie_population
25.01.2016 03:43:30 [0] INFO root zombie.input.file = zombie.h5
25.01.2016 03:43:30 [0] INFO root zombie.output.file = zombie_out.h5
