S=C=A=N: Fri Jan 22 23:02:05 2016: Collect start
/lrz/sys/intel/impi/5.0.3.048/bin64/mpirun -n 4 ./zombie_model zombie_config.props zombie_model.props
 Starting... 
22.01.2016 23:02:13 [0] INFO root TICK BEGINS: 1
22.01.2016 23:02:15 [0] INFO root TICK ENDS: 1
22.01.2016 23:02:15 [0] INFO root TICK BEGINS: 2
22.01.2016 23:02:18 [0] INFO root TICK ENDS: 2
22.01.2016 23:02:18 [0] INFO root TICK BEGINS: 3
22.01.2016 23:02:21 [0] INFO root TICK ENDS: 3
22.01.2016 23:02:21 [0] INFO root TICK BEGINS: 4
22.01.2016 23:02:23 [0] INFO root TICK ENDS: 4
22.01.2016 23:02:23 [0] INFO root TICK BEGINS: 5
22.01.2016 23:02:26 [0] INFO root TICK ENDS: 5
22.01.2016 23:02:26 [0] INFO root TICK BEGINS: 6
22.01.2016 23:02:28 [0] INFO root TICK ENDS: 6
22.01.2016 23:02:28 [0] INFO root TICK BEGINS: 7
22.01.2016 23:02:31 [0] INFO root TICK ENDS: 7
22.01.2016 23:02:31 [0] INFO root TICK BEGINS: 8
22.01.2016 23:02:34 [0] INFO root TICK ENDS: 8
22.01.2016 23:02:34 [0] INFO root TICK BEGINS: 9
22.01.2016 23:02:36 [0] INFO root TICK ENDS: 9
22.01.2016 23:02:36 [0] INFO root TICK BEGINS: 10
22.01.2016 23:02:39 [0] INFO root TICK ENDS: 10
22.01.2016 23:02:39 [0] INFO root date_time.run = 22.01.2016 23:02:06
22.01.2016 23:02:39 [0] INFO root distribution.zombie_move = int_uniform, 0, 2
22.01.2016 23:02:39 [0] INFO root grid.buffer = 2
22.01.2016 23:02:39 [0] INFO root human.count = 500;
22.01.2016 23:02:39 [0] INFO root init.time = 0.56
22.01.2016 23:02:39 [0] INFO root max.x = 99
22.01.2016 23:02:39 [0] INFO root max.y = 99
22.01.2016 23:02:39 [0] INFO root min.x = -100
22.01.2016 23:02:39 [0] INFO root min.y = -100
22.01.2016 23:02:39 [0] INFO root proc.per.x = 2
22.01.2016 23:02:39 [0] INFO root proc.per.y = 2
22.01.2016 23:02:39 [0] INFO root process.count = 4
22.01.2016 23:02:39 [0] INFO root random.seed = 1453500132
22.01.2016 23:02:39 [0] INFO root run.time = 33.7
22.01.2016 23:02:39 [0] INFO root stop.at = 10
22.01.2016 23:02:39 [0] INFO root zombie.count = 5;
S=C=A=N: Fri Jan 22 23:02:42 2016: Collect done (status=0) 37s
