S=C=A=N: Sun Jan 24 02:25:33 2016: Collect start
/lrz/sys/intel/impi/5.0.3.048/bin64/mpirun -n 4 ./zombie_model zombie_config.props zombie_model.props
 Starting... 
24.01.2016 02:25:41 [0] INFO root TICK BEGINS: 1
24.01.2016 02:25:50 [0] INFO root TICK ENDS: 1
24.01.2016 02:25:50 [0] INFO root TICK BEGINS: 2
24.01.2016 02:26:00 [0] INFO root TICK ENDS: 2
24.01.2016 02:26:00 [0] INFO root TICK BEGINS: 3
24.01.2016 02:26:10 [0] INFO root TICK ENDS: 3
24.01.2016 02:26:10 [0] INFO root TICK BEGINS: 4
24.01.2016 02:26:20 [0] INFO root TICK ENDS: 4
24.01.2016 02:26:20 [0] INFO root TICK BEGINS: 5
24.01.2016 02:26:30 [0] INFO root TICK ENDS: 5
24.01.2016 02:26:30 [0] INFO root TICK BEGINS: 6
24.01.2016 02:26:40 [0] INFO root TICK ENDS: 6
24.01.2016 02:26:40 [0] INFO root TICK BEGINS: 7
24.01.2016 02:26:50 [0] INFO root TICK ENDS: 7
24.01.2016 02:26:50 [0] INFO root TICK BEGINS: 8
24.01.2016 02:27:00 [0] INFO root TICK ENDS: 8
24.01.2016 02:27:00 [0] INFO root TICK BEGINS: 9
24.01.2016 02:27:10 [0] INFO root TICK ENDS: 9
24.01.2016 02:27:10 [0] INFO root TICK BEGINS: 10
24.01.2016 02:27:20 [0] INFO root TICK ENDS: 10
24.01.2016 02:27:20 [0] INFO root TICK BEGINS: 11
24.01.2016 02:27:30 [0] INFO root TICK ENDS: 11
24.01.2016 02:27:30 [0] INFO root TICK BEGINS: 12
24.01.2016 02:27:41 [0] INFO root TICK ENDS: 12
24.01.2016 02:27:41 [0] INFO root TICK BEGINS: 13
24.01.2016 02:27:51 [0] INFO root TICK ENDS: 13
24.01.2016 02:27:51 [0] INFO root TICK BEGINS: 14
24.01.2016 02:28:01 [0] INFO root TICK ENDS: 14
24.01.2016 02:28:01 [0] INFO root TICK BEGINS: 15
24.01.2016 02:28:11 [0] INFO root TICK ENDS: 15
24.01.2016 02:28:11 [0] INFO root TICK BEGINS: 16
24.01.2016 02:28:21 [0] INFO root TICK ENDS: 16
24.01.2016 02:28:21 [0] INFO root TICK BEGINS: 17
24.01.2016 02:28:31 [0] INFO root TICK ENDS: 17
24.01.2016 02:28:31 [0] INFO root TICK BEGINS: 18
24.01.2016 02:28:41 [0] INFO root TICK ENDS: 18
24.01.2016 02:28:41 [0] INFO root TICK BEGINS: 19
24.01.2016 02:28:51 [0] INFO root TICK ENDS: 19
24.01.2016 02:28:51 [0] INFO root TICK BEGINS: 20
24.01.2016 02:29:01 [0] INFO root TICK ENDS: 20
24.01.2016 02:29:02 [0] INFO root date_time.run = 24.01.2016 02:25:36
24.01.2016 02:29:02 [0] INFO root distribution.zombie_move = int_uniform, 0, 2
24.01.2016 02:29:02 [0] INFO root grid.buffer = 2
24.01.2016 02:29:02 [0] INFO root human.count = 5000;
24.01.2016 02:29:02 [0] INFO root init.time = 3.43
24.01.2016 02:29:02 [0] INFO root max.x = 99
24.01.2016 02:29:02 [0] INFO root max.y = 99
24.01.2016 02:29:02 [0] INFO root min.x = 0
24.01.2016 02:29:02 [0] INFO root min.y = 0
24.01.2016 02:29:02 [0] INFO root proc.per.x = 2 # num of processes in x dim
24.01.2016 02:29:02 [0] INFO root proc.per.y = 2 # num of processes in y dim
24.01.2016 02:29:02 [0] INFO root process.count = 4
24.01.2016 02:29:02 [0] INFO root random.seed = 1453598737
24.01.2016 02:29:02 [0] INFO root run.time = 205.28
24.01.2016 02:29:02 [0] INFO root stop.at = 20
24.01.2016 02:29:02 [0] INFO root zombie.count = 1000;
S=C=A=N: Sun Jan 24 02:29:05 2016: Collect done (status=0) 212s
